  leaker.cpp
C:\Users\steve\source\repos\project_1\leaker.cpp(91,19): warning C4477: 'fprintf' : format string '%lu' requires an argument of type 'unsigned long', but variadic argument 1 has type 'size_t'
C:\Users\steve\source\repos\project_1\leaker.cpp(91,19): message : consider using '%zu' in the format string
C:\Users\steve\source\repos\project_1\leaker.cpp(91,19): warning C4477: 'fprintf' : format string '%lu' requires an argument of type 'unsigned long', but variadic argument 2 has type 'size_t'
C:\Users\steve\source\repos\project_1\leaker.cpp(91,19): message : consider using '%zu' in the format string
C:\Users\steve\source\repos\project_1\leaker.cpp(91,19): warning C4477: 'fprintf' : format string '%lu' requires an argument of type 'unsigned long', but variadic argument 3 has type 'size_t'
C:\Users\steve\source\repos\project_1\leaker.cpp(91,19): message : consider using '%zu' in the format string
C:\Users\steve\source\repos\project_1\leaker.cpp(105,19): warning C4477: 'fprintf' : format string '%lu' requires an argument of type 'unsigned long', but variadic argument 1 has type 'size_t'
C:\Users\steve\source\repos\project_1\leaker.cpp(105,19): message : consider using '%zu' in the format string
C:\Users\steve\source\repos\project_1\leaker.cpp(108,19): warning C4477: 'fprintf' : format string '%lu' requires an argument of type 'unsigned long', but variadic argument 1 has type 'size_t'
C:\Users\steve\source\repos\project_1\leaker.cpp(108,19): message : consider using '%zu' in the format string
C:\Users\steve\source\repos\project_1\leaker.cpp(111,19): warning C4477: 'fprintf' : format string '%lu' requires an argument of type 'unsigned long', but variadic argument 1 has type 'size_t'
C:\Users\steve\source\repos\project_1\leaker.cpp(111,19): message : consider using '%zu' in the format string
C:\Users\steve\source\repos\project_1\leaker.cpp(394,19): warning C4477: 'fprintf' : format string '%lu' requires an argument of type 'unsigned long', but variadic argument 3 has type 'size_t'
C:\Users\steve\source\repos\project_1\leaker.cpp(394,19): message : consider using '%zu' in the format string
C:\Users\steve\source\repos\project_1\leaker.cpp(434,19): warning C4477: 'fprintf' : format string '%lu' requires an argument of type 'unsigned long', but variadic argument 3 has type 'size_t'
C:\Users\steve\source\repos\project_1\leaker.cpp(434,19): message : consider using '%zu' in the format string
C:\Users\steve\source\repos\project_1\leaker.cpp(449,19): warning C4477: 'fprintf' : format string '%lu' requires an argument of type 'unsigned long', but variadic argument 3 has type 'size_t'
C:\Users\steve\source\repos\project_1\leaker.cpp(449,19): message : consider using '%zu' in the format string
C:\Users\steve\source\repos\project_1\leaker.cpp(449,19): warning C4477: 'fprintf' : format string '%lu' requires an argument of type 'unsigned long', but variadic argument 6 has type 'size_t'
C:\Users\steve\source\repos\project_1\leaker.cpp(449,19): message : consider using '%zu' in the format string
C:\Users\steve\source\repos\project_1\leaker.cpp(455,19): warning C4477: 'fprintf' : format string '%lu' requires an argument of type 'unsigned long', but variadic argument 3 has type 'size_t'
C:\Users\steve\source\repos\project_1\leaker.cpp(455,19): message : consider using '%zu' in the format string
C:\Users\steve\source\repos\project_1\leaker.cpp(455,19): warning C4477: 'fprintf' : format string '%lu' requires an argument of type 'unsigned long', but variadic argument 6 has type 'size_t'
C:\Users\steve\source\repos\project_1\leaker.cpp(455,19): message : consider using '%zu' in the format string
C:\Users\steve\source\repos\project_1\leaker.cpp(485,45): warning C4311: 'type cast': pointer truncation from 'void *' to 'unsigned long'
C:\Users\steve\source\repos\project_1\leaker.cpp(485,45): warning C4302: 'type cast': truncation from 'void *' to 'unsigned long'
C:\Users\steve\source\repos\project_1\leaker.cpp(550,19): warning C4477: 'fprintf' : format string '%lu' requires an argument of type 'unsigned long', but variadic argument 1 has type 'size_t'
C:\Users\steve\source\repos\project_1\leaker.cpp(550,19): message : consider using '%zu' in the format string
C:\Users\steve\source\repos\project_1\leaker.cpp(550,19): warning C4477: 'fprintf' : format string '%lu' requires an argument of type 'unsigned long', but variadic argument 2 has type 'size_t'
C:\Users\steve\source\repos\project_1\leaker.cpp(550,19): message : consider using '%zu' in the format string
C:\Users\steve\source\repos\project_1\leaker.cpp(568,19): warning C4477: 'fprintf' : format string '%lu' requires an argument of type 'unsigned long', but variadic argument 1 has type 'size_t'
C:\Users\steve\source\repos\project_1\leaker.cpp(568,19): message : consider using '%zu' in the format string
C:\Users\steve\source\repos\project_1\leaker.cpp(572,19): warning C4477: 'fprintf' : format string '%lu' requires an argument of type 'unsigned long', but variadic argument 1 has type 'size_t'
C:\Users\steve\source\repos\project_1\leaker.cpp(572,19): message : consider using '%zu' in the format string
C:\Users\steve\source\repos\project_1\leaker.cpp(575,19): warning C4477: 'fprintf' : format string '%lu' requires an argument of type 'unsigned long', but variadic argument 1 has type 'size_t'
C:\Users\steve\source\repos\project_1\leaker.cpp(575,19): message : consider using '%zu' in the format string
C:\Users\steve\source\repos\project_1\leaker.cpp(583,18): warning C4477: 'fprintf' : format string '%lu' requires an argument of type 'unsigned long', but variadic argument 3 has type 'size_t'
C:\Users\steve\source\repos\project_1\leaker.cpp(583,18): message : consider using '%zu' in the format string
C:\Users\steve\source\repos\project_1\leaker.cpp(587,19): warning C4477: 'fprintf' : format string '%lu' requires an argument of type 'unsigned long', but variadic argument 3 has type 'size_t'
C:\Users\steve\source\repos\project_1\leaker.cpp(587,19): message : consider using '%zu' in the format string
C:\Users\steve\source\repos\project_1\leaker.cpp(596,18): warning C4477: 'fprintf' : format string '%lu' requires an argument of type 'unsigned long', but variadic argument 3 has type 'size_t'
C:\Users\steve\source\repos\project_1\leaker.cpp(596,18): message : consider using '%zu' in the format string
C:\Users\steve\source\repos\project_1\leaker.cpp(596,18): warning C4477: 'fprintf' : format string '%lu' requires an argument of type 'unsigned long', but variadic argument 5 has type 'size_t'
C:\Users\steve\source\repos\project_1\leaker.cpp(596,18): message : consider using '%zu' in the format string
  project_1.cpp
  Generating Code...
C:\Users\steve\source\repos\project_1\LinkedList.h(529): warning C4715: 'LinkedList<std::basic_string<char,std::char_traits<char>,std::allocator<char> > >::RemoveAt': not all control paths return a value
  project_1.vcxproj -> C:\Users\steve\source\repos\project_1\x64\Debug\project_1.exe
